Started
[Thu Oct 06 20:37:10 IST 2022] Starting branch indexing...
 > git --version # timeout=10
 > git --version # 'git version 2.25.1'
using GIT_SSH to set credentials 
Verifying host key using known hosts file
 > git ls-remote --symref -- git@github.com:Samarth-HP/esamwad-backend.git # timeout=10
 > git rev-parse --resolve-git-dir /var/lib/jenkins/caches/git-daf2a15a5a05770d0943aaa2bf0470cf/.git # timeout=10
Setting origin to git@github.com:Samarth-HP/esamwad-backend.git
 > git config remote.origin.url git@github.com:Samarth-HP/esamwad-backend.git # timeout=10
Fetching & pruning origin...
Listing remote references...
 > git config --get remote.origin.url # timeout=10
 > git --version # timeout=10
 > git --version # 'git version 2.25.1'
using GIT_SSH to set credentials 
Verifying host key using known hosts file
 > git ls-remote -h -- git@github.com:Samarth-HP/esamwad-backend.git # timeout=10
Fetching upstream changes from origin
 > git config --get remote.origin.url # timeout=10
using GIT_SSH to set credentials 
Verifying host key using known hosts file
 > git fetch --tags --force --progress --prune -- origin +refs/heads/*:refs/remotes/origin/* # timeout=10
Checking branches...
  Checking branch async
      ‘build/Jenkinsfile’ not found
    Does not meet criteria
  Checking branch optimizations
      ‘build/Jenkinsfile’ not found
    Does not meet criteria
  Checking branch feature/assessment
      ‘build/Jenkinsfile’ not found
    Does not meet criteria
  Checking branch master
      ‘build/Jenkinsfile’ found
    Met criteria
No changes detected: master (still at a32e07206f3950d846661b95d3a7c3df1459ee36)
  Checking branch perf
      ‘build/Jenkinsfile’ not found
    Does not meet criteria
  Checking branch feature/new_models
      ‘build/Jenkinsfile’ not found
    Does not meet criteria
  Checking branch perf-2
      ‘build/Jenkinsfile’ not found
    Does not meet criteria
  Checking branch perf-3
      ‘build/Jenkinsfile’ not found
    Does not meet criteria
  Checking branch feature/registration
      ‘build/Jenkinsfile’ not found
    Does not meet criteria
Processed 9 branches
[Thu Oct 06 20:37:17 IST 2022] Finished branch indexing. Indexing took 6.6 sec
Finished: SUCCESS
