Started
[Fri Oct 07 16:56:36 IST 2022] Starting branch indexing...
 > git --version # timeout=10
 > git --version # 'git version 2.25.1'
using GIT_SSH to set credentials 
Verifying host key using known hosts file
 > git ls-remote --symref -- git@github.com:Samagra-Development/user-service.git # timeout=10
Creating git repository in /var/lib/jenkins/caches/git-f0e1b00ecf852a78c073e6db5488633a
 > git init /var/lib/jenkins/caches/git-f0e1b00ecf852a78c073e6db5488633a # timeout=10
Setting origin to git@github.com:Samagra-Development/user-service.git
 > git config remote.origin.url git@github.com:Samagra-Development/user-service.git # timeout=10
Fetching & pruning origin...
Listing remote references...
 > git config --get remote.origin.url # timeout=10
 > git --version # timeout=10
 > git --version # 'git version 2.25.1'
using GIT_SSH to set credentials 
Verifying host key using known hosts file
 > git ls-remote -h -- git@github.com:Samagra-Development/user-service.git # timeout=10
Fetching upstream changes from origin
 > git config --get remote.origin.url # timeout=10
using GIT_SSH to set credentials 
Verifying host key using known hosts file
 > git fetch --tags --force --progress --prune -- origin +refs/heads/*:refs/remotes/origin/* # timeout=10
Checking branches...
  Checking branch dependabot/npm_and_yarn/got-11.8.5
      ‘build/Jenkinsfile’ not found
    Does not meet criteria
  Checking branch master
      ‘build/Jenkinsfile’ not found
    Does not meet criteria
  Checking branch dependabot/npm_and_yarn/terser-5.14.2
      ‘build/Jenkinsfile’ not found
    Does not meet criteria
  Checking branch revert-28-user-service-docs
      ‘build/Jenkinsfile’ not found
    Does not meet criteria
Processed 4 branches
[Fri Oct 07 16:56:45 IST 2022] Finished branch indexing. Indexing took 8.1 sec
Evaluating orphaned items in Samarth » production » build » user-service
Will remove master
Finished: SUCCESS
